1 10 20
100 200 125
201 210 89
900 1000 174
1053 9248 262
490 8408 262
2298 7847 262
6993 1666 262
9926 2845 262
2811 2608 191
5242 401 238
9476 8566 260
6477 92 262
3606 6997 262
7463 7526 208
4959 123 238
5553 6918 262
451 3213 217
6893 1034 262
7920 7978 252
4113 9913 262
6564 9878 260
9015 665 262
7075 1871 262
5690 5732 174
1835 2166 175
3849 2411 238
5475 1888 238
6557 396 262
7316 5149 262
7011 9119 252
7700 2481 262
2794 3317 217
137 2978 217
9831 4590 262
8670 9370 260
9169 9567 260
4155 4727 215
3073 5495 238
2385 2871 209
7351 1672 262
2750 2238 209
5103 1561 238
2708 1559 209
254 3275 217
3389 6629 262
9638 7743 260
8285 8490 234
1557 603 182
7149 6057 262
9936 356 262
9085 211 262
7736 5755 262
602 6593 262
1989 5106 238
2082 4197 238
2364 8731 262
3739 7206 262
788 1906 182
9738 2587 262
8067 1314 262
5286 3621 238
5995 3586 238
3437 4658 238
3355 9682 262
8777 3250 262
5955 7627 262
9711 7184 260
5225 2522 238
532 5698 238
6422 1915 262
1415 4708 238
3012 2019 217
4069 7037 262
3674 8873 262
8547 7534 252
7345 2725 262
9600 7191 260
8306 6656 257
3238 9645 262
3499 1136 217
1239 6154 238
3293 7276 262
6296 6120 262
8466 8155 234
5088 3656 238
3961 5664 236
1764 7421 262
349 4603 238
4981 8816 262
6716 5570 262
1259 8455 262
9263 3513 262
4826 7330 262
5313 644 238
7749 7988 252
4099 5114 215
75 4794 238
4942 4584 210
7880 5483 262
62 4804 238
8567 2376 262
3612 1648 217
2031 875 182
1070 5936 238
2455 2969 217
3469 1266 217
2459 2077 183
6207 2310 262
7630 4277 262
5497 6821 262
7785 1404 262
7105 3995 262
4502 4974 210
5545 2655 238
947 1722 182
6827 2740 262
6205 1479 262
1988 3503 217
3658 5604 238
8029 2426 262
2025 4433 238
1611 6968 262
5406 2436 238
790 845 135
8147 7015 252
5422 5092 192
2034 3179 217
8451 2441 262
6265 1789 262
8167 2100 262
5391 875 238
